[22:08:57] [ServerMain/INFO]: [bootstrap] Running Java 21 (OpenJDK 64-Bit Server VM 21.0.7+6-Ubuntu-0ubuntu120.04; Ubuntu null) on Linux 6.8.0-1027-azure (amd64)
[22:08:57] [ServerMain/INFO]: [bootstrap] Loading Paper 1.21-130-master@b1b5d4c (2024-08-10T10:02:42Z) for Minecraft 1.21
[22:08:57] [ServerMain/INFO]: [PluginInitializerManager] Initializing plugins...
[22:08:57] [ServerMain/INFO]: [PluginInitializerManager] Initialized 4 plugins
[22:08:57] [ServerMain/INFO]: [PluginInitializerManager] Bukkit plugins (4):
 - Geyser-Spigot (2.7.1-SNAPSHOT), ViaBackwards (5.3.2), ViaVersion (5.3.2), floodgate (2.2.4-SNAPSHOT (b116-0e3163c))
[22:09:02] [ServerMain/INFO]: Environment: Environment[sessionHost=https://sessionserver.mojang.com, servicesHost=https://api.minecraftservices.com, name=PROD]
[22:09:04] [ServerMain/INFO]: Loaded 1290 recipes
[22:09:04] [ServerMain/INFO]: Loaded 1399 advancements
[22:09:04] [Server thread/INFO]: Starting minecraft server version 1.21
[22:09:04] [Server thread/INFO]: Loading properties
[22:09:04] [Server thread/INFO]: This server is running Paper version 1.21-130-master@b1b5d4c (2024-08-10T10:02:42Z) (Implementing API version 1.21-R0.1-SNAPSHOT)
[22:09:05] [Server thread/INFO]: [spark] This server bundles the spark profiler. For more information please visit https://docs.papermc.io/paper/profiling
[22:09:05] [Server thread/INFO]: Server Ping Player Sample Count: 12
[22:09:05] [Server thread/INFO]: Using 4 threads for Netty based IO
[22:09:06] [Server thread/INFO]: [ChunkTaskScheduler] Chunk system is using 1 I/O threads, 1 worker threads, and population gen parallelism of 1 threads
[22:09:06] [Server thread/INFO]: Default game type: SURVIVAL
[22:09:06] [Server thread/INFO]: Generating keypair
[22:09:06] [Server thread/INFO]: Starting Minecraft server on *:3183
[22:09:06] [Server thread/INFO]: Using epoll channel type
[22:09:07] [Server thread/INFO]: Paper: Using libdeflate (Linux x86_64) compression from Velocity.
[22:09:07] [Server thread/INFO]: Paper: Using OpenSSL 1.1.x (Linux x86_64) cipher from Velocity.
[22:09:08] [Server thread/INFO]: [floodgate] Loading server plugin floodgate v2.2.4-SNAPSHOT (b116-0e3163c)
[22:09:10] [Server thread/WARN]: [floodgate] en_ is not a supported Floodgate language.
[22:09:10] [Server thread/INFO]: [floodgate] Took 2,669ms to boot Floodgate
[22:09:10] [Server thread/INFO]: [ViaVersion] Loading server plugin ViaVersion v5.3.2
[22:09:10] [Server thread/INFO]: [ViaVersion] ViaVersion 5.3.2 is now loaded. Registering protocol transformers and injecting...
[22:09:12] [Via-Mappingloader-0/INFO]: [ViaVersion] Loading block connection mappings ...
[22:09:12] [Via-Mappingloader-0/INFO]: [ViaVersion] Using FastUtil Long2ObjectOpenHashMap for block connections
[22:09:13] [Server thread/INFO]: [ViaBackwards] Loading translations...
[22:09:13] [Server thread/INFO]: [ViaBackwards] Registering protocols...
[22:09:15] [Server thread/INFO]: [Geyser-Spigot] Loading server plugin Geyser-Spigot v2.7.1-SNAPSHOT
[22:09:17] [Server thread/INFO]: [Geyser-Spigot] Loading extensions...
[22:09:17] [Server thread/INFO]: [Geyser-Spigot] Loaded 0 extension(s)
[22:09:17] [Server thread/INFO]: [ViaBackwards] Loading server plugin ViaBackwards v5.3.2
[22:09:17] [Server thread/INFO]: Server permissions file permissions.yml is empty, ignoring it
[22:09:17] [Server thread/WARN]: **** SERVER IS RUNNING IN OFFLINE/INSECURE MODE!
[22:09:17] [Server thread/WARN]: The server will make no attempt to authenticate usernames. Beware.
[22:09:17] [Server thread/WARN]: While this makes the game possible to play without internet access, it also opens up the ability for hackers to connect with any username they choose.
[22:09:17] [Server thread/WARN]: To change this, set "online-mode" to "true" in the server.properties file.
[22:09:17] [Server thread/INFO]: Preparing level "world"
[22:09:17] [Server thread/ERROR]: Encountered an unexpected exception
java.lang.RuntimeException: net.minecraft.util.DirectoryLock$LockException: /workspaces/asucar/servidor_minecraft/./world_nether/session.lock: already locked (possibly by other Minecraft instance?)
	at net.minecraft.server.MinecraftServer.loadWorld0(MinecraftServer.java:602) ~[paper-1.21.jar:1.21-130-b1b5d4c]
	at net.minecraft.server.MinecraftServer.loadLevel(MinecraftServer.java:516) ~[paper-1.21.jar:1.21-130-b1b5d4c]
	at net.minecraft.server.dedicated.DedicatedServer.initServer(DedicatedServer.java:329) ~[paper-1.21.jar:1.21-130-b1b5d4c]
	at net.minecraft.server.MinecraftServer.runServer(MinecraftServer.java:1215) ~[paper-1.21.jar:1.21-130-b1b5d4c]
	at net.minecraft.server.MinecraftServer.lambda$spin$0(MinecraftServer.java:330) ~[paper-1.21.jar:1.21-130-b1b5d4c]
	at java.base/java.lang.Thread.run(Thread.java:1583) ~[?:?]
Caused by: net.minecraft.util.DirectoryLock$LockException: /workspaces/asucar/servidor_minecraft/./world_nether/session.lock: already locked (possibly by other Minecraft instance?)
	at net.minecraft.util.DirectoryLock$LockException.alreadyLocked(DirectoryLock.java:100) ~[paper-1.21.jar:1.21-130-b1b5d4c]
	at net.minecraft.util.DirectoryLock.create(DirectoryLock.java:30) ~[paper-1.21.jar:1.21-130-b1b5d4c]
	at net.minecraft.world.level.storage.LevelStorageSource$LevelStorageAccess.<init>(LevelStorageSource.java:522) ~[paper-1.21.jar:1.21-130-b1b5d4c]
	at net.minecraft.world.level.storage.LevelStorageSource.validateAndCreateAccess(LevelStorageSource.java:428) ~[paper-1.21.jar:1.21-130-b1b5d4c]
	at net.minecraft.server.MinecraftServer.loadWorld0(MinecraftServer.java:600) ~[paper-1.21.jar:1.21-130-b1b5d4c]
	... 5 more
[22:09:17] [Server thread/ERROR]: This crash report has been saved to: /workspaces/asucar/servidor_minecraft/crash-reports/crash-2025-05-19_22.09.17-server.txt
[22:09:17] [Server thread/INFO]: Stopping server
[22:09:17] [Server thread/INFO]: Saving players
[22:09:17] [Server thread/INFO]: Saving worlds
[22:09:17] [Server thread/INFO]: Saving chunks for level 'ServerLevel[world]'/minecraft:overworld
[22:09:17] [Server thread/INFO]: [ChunkHolderManager] Waiting 60s for chunk system to halt for world 'world'
[22:09:17] [Server thread/INFO]: [ChunkHolderManager] Halted chunk system for world 'world'
[22:09:17] [Server thread/INFO]: [ChunkHolderManager] Saving all chunkholders for world 'world'
[22:09:17] [Server thread/INFO]: [ChunkHolderManager] Saved 0 block chunks, 0 entity chunks, 0 poi chunks in world 'world' in 0.00s
[22:09:17] [Server thread/INFO]: ThreadedAnvilChunkStorage (world): All chunks are saved
[22:09:17] [Server thread/INFO]: ThreadedAnvilChunkStorage: All dimensions are saved
